Arguments: 
  /usr/bin/node /usr/share/yarn/bin/yarn.js init

PATH: 
  /home/tassis/.zinit/polaris/bin:/home/tassis/.rvm/gems/ruby-3.0.1/bin:/home/tassis/.rvm/gems/ruby-3.0.1@global/bin:/home/tassis/.rvm/rubies/ruby-3.0.1/bin:/usr/local/sbin:/usr/local/bin:/usr/sbin:/usr/bin:/sbin:/bin:/usr/games:/usr/local/games:/snap/bin:/home/tassis/.rvm/bin:/home/tassis/.yarn/bin:/usr/lib/jvm/java-11-openjdk-amd64/bin/java:/home/tassis/.rvm/bin:/home/tassis/.yarn/bin:/usr/lib/jvm/java-11-openjdk-amd64/bin/java:/home/tassis/.rvm/bin

Yarn version: 
  1.22.5

Node version: 
  14.17.4

Platform: 
  linux x64

Trace: 
  Error: canceled
      at Interface.<anonymous> (/usr/share/yarn/lib/cli.js:137009:13)
      at Interface.emit (events.js:400:28)
      at Interface._ttyWrite (readline.js:910:16)
      at ReadStream.onkeypress (readline.js:235:10)
      at ReadStream.emit (events.js:400:28)
      at emitKeys (internal/readline/utils.js:358:14)
      at emitKeys.next (<anonymous>)
      at ReadStream.onData (readline.js:1179:36)
      at ReadStream.emit (events.js:400:28)
      at addChunk (internal/streams/readable.js:290:12)

npm manifest: 
  {
    "name": "RastreioCorreios",
    "version": "1.0.0",
    "description": "",
    "main": "index.js",
    "scripts": {
      "test": "echo \"Error: no test specified\" && exit 1"
    },
    "keywords": [],
    "author": "",
    "license": "ISC",
    "dependencies": {
      "body-parser": "^1.19.0",
      "cors": "^2.8.5",
      "express": "^4.17.1",
      "morgan": "^1.10.0",
      "redis": "^3.0.2"
    }
  }

yarn manifest: 
  No manifest

Lockfile: 
  No lockfile
